<?xml version="1.0" encoding="UTF-8"?>
<!-- Generated by org.testng.reporters.JUnitReportReporter -->
<testsuite hostname="DESKTOP-66NG6LL" failures="0" tests="2" name="testNGLearning.TestNGParallel2" time="23.159" errors="0" timestamp="2023-04-06T13:28:27 IST" skipped="0">
  <testcase classname="testNGLearning.TestNGParallel2" name="launchYahoo" time="18.415"/>
  <system-out/>
  <testcase classname="testNGLearning.TestNGParallel2" name="launchGoogle" time="4.744"/>
  <system-out/>
</testsuite> <!-- testNGLearning.TestNGParallel2 -->
