<?xml version="1.0" encoding="UTF-8"?>
<!-- Generated by org.testng.reporters.JUnitReportReporter -->
<testsuite hostname="DESKTOP-66NG6LL" failures="0" tests="3" name="testNGLearning.TestNGOptions" time="0.018" errors="0" timestamp="2023-03-30T12:32:49 IST" skipped="1">
  <testcase classname="testNGLearning.TestNGOptions" name="testCase3" time="0.011"/>
  <system-out/>
  <testcase classname="testNGLearning.TestNGOptions" name="testCase1" time="0.007"/>
  <system-out/>
  <testcase classname="testNGLearning.TestNGOptions" name="testCase2">
    <skipped/>
  </testcase> <!-- testCase2 -->
  <system-out/>
</testsuite> <!-- testNGLearning.TestNGOptions -->
