<?xml version="1.0" encoding="UTF-8"?>
<!-- Generated by org.testng.reporters.JUnitReportReporter -->
<testsuite hostname="DESKTOP-66NG6LL" failures="0" tests="3" name="testNGLearning.DataParameterizationUsingDataProvider" time="15.118" errors="0" timestamp="2023-04-02T09:28:48 IST" skipped="0">
  <testcase classname="testNGLearning.DataParameterizationUsingDataProvider" name="search" time="4.476"/>
  <system-out/>
  <testcase classname="testNGLearning.DataParameterizationUsingDataProvider" name="search" time="4.827"/>
  <system-out/>
  <testcase classname="testNGLearning.DataParameterizationUsingDataProvider" name="search" time="5.815"/>
  <system-out/>
</testsuite> <!-- testNGLearning.DataParameterizationUsingDataProvider -->
