<?xml version="1.0" encoding="UTF-8"?>
<!-- Generated by org.testng.reporters.JUnitReportReporter -->
<testsuite hostname="DESKTOP-66NG6LL" failures="0" tests="1" name="testNGLearning.PractiseProgramm2" time="9.436" errors="0" timestamp="2023-09-26T22:45:21 IST" skipped="0">
  <testcase classname="testNGLearning.PractiseProgramm2" name="findDiscountedPercentage" time="9.436"/>
  <system-out/>
</testsuite> <!-- testNGLearning.PractiseProgramm2 -->
