<?xml version="1.0" encoding="UTF-8"?>
<!-- Generated by org.testng.reporters.JUnitReportReporter -->
<testsuite hostname="DESKTOP-66NG6LL" failures="0" tests="2" name="testNGLearning.CrossBrowserTesting" time="12.936" errors="0" timestamp="2023-04-02T10:18:25 IST" skipped="0">
  <testcase classname="testNGLearning.CrossBrowserTesting" name="verifyTitle" time="5.686"/>
  <system-out/>
  <testcase classname="testNGLearning.CrossBrowserTesting" name="verifyTitle" time="7.250"/>
  <system-out/>
</testsuite> <!-- testNGLearning.CrossBrowserTesting -->
