<?xml version="1.0" encoding="UTF-8"?>
<!-- Generated by org.testng.reporters.JUnitReportReporter -->
<testsuite hostname="DESKTOP-66NG6LL" failures="0" tests="1" name="testNGTraining.TestNGSeq2" time="7.369" errors="0" timestamp="2023-08-31T10:16:45 IST" skipped="0">
  <testcase classname="testNGTraining.TestNGSeq2" name="LogintoGoogle" time="7.369"/>
  <system-out/>
</testsuite> <!-- testNGTraining.TestNGSeq2 -->
