<?xml version="1.0" encoding="UTF-8"?>
<!-- Generated by org.testng.reporters.JUnitReportReporter -->
<testsuite hostname="DESKTOP-66NG6LL" failures="0" tests="1" name="testNGLearning.PractiseProgramm2" time="22.456" errors="0" timestamp="2023-09-27T21:54:35 IST" skipped="0">
  <testcase classname="testNGLearning.PractiseProgramm2" name="findDiscountedPercentage" time="22.456"/>
  <system-out/>
</testsuite> <!-- testNGLearning.PractiseProgramm2 -->
