<?xml version="1.0" encoding="UTF-8"?>
<!-- Generated by org.testng.reporters.JUnitReportReporter -->
<testsuite hostname="DESKTOP-66NG6LL" failures="0" tests="3" name="testNGLearning.ReadExcelUsingDataProvider" time="17.275" errors="0" timestamp="2023-04-09T08:11:51 IST" skipped="0">
  <testcase classname="testNGLearning.ReadExcelUsingDataProvider" name="displayExcelValues" time="6.818"/>
  <system-out/>
  <testcase classname="testNGLearning.ReadExcelUsingDataProvider" name="displayExcelValues" time="5.771"/>
  <system-out/>
  <testcase classname="testNGLearning.ReadExcelUsingDataProvider" name="displayExcelValues" time="4.686"/>
  <system-out/>
</testsuite> <!-- testNGLearning.ReadExcelUsingDataProvider -->
