<?xml version="1.0" encoding="UTF-8"?>
<!-- Generated by org.testng.reporters.JUnitReportReporter -->
<testsuite hostname="DESKTOP-66NG6LL" failures="0" tests="1" name="testNGLearning.DataParameterizationUsingParameter" time="6.559" errors="0" timestamp="2023-04-02T09:12:29 IST" skipped="0">
  <testcase classname="testNGLearning.DataParameterizationUsingParameter" name="search" time="6.559"/>
  <system-out/>
</testsuite> <!-- testNGLearning.DataParameterizationUsingParameter -->
