<?xml version="1.0" encoding="UTF-8"?>
<!-- Generated by org.testng.reporters.JUnitReportReporter -->
<testsuite hostname="DESKTOP-66NG6LL" failures="0" tests="1" name="testNGLearning.TestNGGroups" time="0.008" errors="0" timestamp="2023-03-30T13:23:09 IST" skipped="0">
  <testcase classname="testNGLearning.TestNGGroups" name="testCase1" time="0.008"/>
  <system-out/>
</testsuite> <!-- testNGLearning.TestNGGroups -->
