<?xml version="1.0" encoding="UTF-8"?>
<!-- Generated by org.testng.reporters.JUnitReportReporter -->
<testsuite hostname="DESKTOP-66NG6LL" failures="0" tests="1" name="testNGTraining.TestNGSeq1" time="9.452" errors="0" timestamp="2023-08-31T09:47:51 IST" skipped="0">
  <testcase classname="testNGTraining.TestNGSeq1" name="test1" time="9.452"/>
  <system-out/>
</testsuite> <!-- testNGTraining.TestNGSeq1 -->
